\BOOKMARK [1][-]{section.1}{Problem Statement}{}% 1
\BOOKMARK [1][-]{section.2}{Requirements}{}% 2
\BOOKMARK [1][-]{section.3}{Contact w/ Clients}{}% 3
\BOOKMARK [1][-]{section.4}{Visiting the Hospital}{}% 4
\BOOKMARK [1][-]{section.5}{Overall Plans}{}% 5
\BOOKMARK [2][-]{subsection.5.1}{Old Plan}{section.5}% 6
\BOOKMARK [2][-]{subsection.5.2}{New Plan}{section.5}% 7
\BOOKMARK [1][-]{section.6}{Weekly Updates}{}% 8
\BOOKMARK [2][-]{subsection.6.1}{Week 1 \046 2}{section.6}% 9
\BOOKMARK [2][-]{subsection.6.2}{Week 3 \046 4}{section.6}% 10
\BOOKMARK [2][-]{subsection.6.3}{Week 5 \046 6}{section.6}% 11
\BOOKMARK [2][-]{subsection.6.4}{Week 7 \046 8}{section.6}% 12
\BOOKMARK [2][-]{subsection.6.5}{Week 9 \046 10}{section.6}% 13
\BOOKMARK [2][-]{subsection.6.6}{Week 11 \046 12}{section.6}% 14
\BOOKMARK [2][-]{subsection.6.7}{Week 13 \046 14}{section.6}% 15
\BOOKMARK [2][-]{subsection.6.8}{Week 15 \046 16}{section.6}% 16
\BOOKMARK [2][-]{subsection.6.9}{Week 17 \046 18}{section.6}% 17
\BOOKMARK [2][-]{subsection.6.10}{Week 19 \046 20}{section.6}% 18
\BOOKMARK [2][-]{subsection.6.11}{Week 21 \046 22}{section.6}% 19
\BOOKMARK [1][-]{section.7}{Final Product}{}% 20
\BOOKMARK [1][-]{section.8}{Source Code}{}% 21
\BOOKMARK [2][-]{subsection.8.1}{Raspberry Pi 3}{section.8}% 22
\BOOKMARK [2][-]{subsection.8.2}{Pozyx Anchors}{section.8}% 23
\BOOKMARK [2][-]{subsection.8.3}{Firebase Database}{section.8}% 24
\BOOKMARK [2][-]{subsection.8.4}{Application}{section.8}% 25
